14.07.2022 - 12:18:45 - [TAB v3.1.1] Player placeholder %animation:Welcome% generated an error when setting for player AllanStrat
14.07.2022 - 12:18:45 - java.lang.ArrayIndexOutOfBoundsException: Index -11 out of bounds for length 18
14.07.2022 - 12:18:45 - 	at TAB v3.1.1 (1).jar//me.neznamy.tab.shared.placeholders.Animation.getMessage(Animation.java:85)
14.07.2022 - 12:18:45 - 	at TAB v3.1.1 (1).jar//me.neznamy.tab.shared.placeholders.UniversalPlaceholderRegistry.lambda$registerPlaceholders$19(UniversalPlaceholderRegistry.java:61)
14.07.2022 - 12:18:45 - 	at TAB v3.1.1 (1).jar//me.neznamy.tab.shared.placeholders.PlayerPlaceholderImpl.request(PlayerPlaceholderImpl.java:118)
14.07.2022 - 12:18:45 - 	at TAB v3.1.1 (1).jar//me.neznamy.tab.shared.placeholders.PlayerPlaceholderImpl.update(PlayerPlaceholderImpl.java:52)
14.07.2022 - 12:18:45 - 	at TAB v3.1.1 (1).jar//me.neznamy.tab.shared.placeholders.PlayerPlaceholderImpl.getLastValue(PlayerPlaceholderImpl.java:110)
14.07.2022 - 12:18:45 - 	at TAB v3.1.1 (1).jar//me.neznamy.tab.shared.placeholders.TabPlaceholder.set(TabPlaceholder.java:90)
14.07.2022 - 12:18:45 - 	at TAB v3.1.1 (1).jar//me.neznamy.tab.shared.DynamicText.update(DynamicText.java:198)
14.07.2022 - 12:18:45 - 	at TAB v3.1.1 (1).jar//me.neznamy.tab.shared.DynamicText.analyze(DynamicText.java:121)
14.07.2022 - 12:18:45 - 	at TAB v3.1.1 (1).jar//me.neznamy.tab.shared.DynamicText.<init>(DynamicText.java:82)
14.07.2022 - 12:18:45 - 	at TAB v3.1.1 (1).jar//me.neznamy.tab.shared.ITabPlayer.setProperty(ITabPlayer.java:125)
14.07.2022 - 12:18:45 - 	at TAB v3.1.1 (1).jar//me.neznamy.tab.shared.ITabPlayer.setProperty(ITabPlayer.java:410)
14.07.2022 - 12:18:45 - 	at TAB v3.1.1 (1).jar//me.neznamy.tab.shared.features.HeaderFooter.refresh(HeaderFooter.java:85)
14.07.2022 - 12:18:45 - 	at TAB v3.1.1 (1).jar//me.neznamy.tab.shared.features.HeaderFooter.onJoin(HeaderFooter.java:50)
14.07.2022 - 12:18:45 - 	at TAB v3.1.1 (1).jar//me.neznamy.tab.shared.FeatureManagerImpl.onJoin(FeatureManagerImpl.java:129)
14.07.2022 - 12:18:45 - 	at TAB v3.1.1 (1).jar//me.neznamy.tab.platforms.bukkit.BukkitEventListener.lambda$onJoin$1(BukkitEventListener.java:45)
14.07.2022 - 12:18:45 - 	at TAB v3.1.1 (1).jar//me.neznamy.tab.shared.CpuManager.lambda$submit$1(CpuManager.java:113)
14.07.2022 - 12:18:45 - 	at java.base/java.util.concurrent.Executors$RunnableAdapter.call(Executors.java:539)
14.07.2022 - 12:18:45 - 	at java.base/java.util.concurrent.FutureTask.run(FutureTask.java:264)
14.07.2022 - 12:18:45 - 	at java.base/java.util.concurrent.ThreadPoolExecutor.runWorker(ThreadPoolExecutor.java:1136)
14.07.2022 - 12:18:45 - 	at java.base/java.util.concurrent.ThreadPoolExecutor$Worker.run(ThreadPoolExecutor.java:635)
14.07.2022 - 12:18:45 - 	at java.base/java.lang.Thread.run(Thread.java:833)
14.07.2022 - 12:18:45 - [TAB v3.1.1] Player placeholder %animation:MyAnimation1% generated an error when setting for player AllanStrat
14.07.2022 - 12:18:45 - java.lang.ArrayIndexOutOfBoundsException: Index -15 out of bounds for length 29
14.07.2022 - 12:18:45 - 	at TAB v3.1.1 (1).jar//me.neznamy.tab.shared.placeholders.Animation.getMessage(Animation.java:85)
14.07.2022 - 12:18:45 - 	at TAB v3.1.1 (1).jar//me.neznamy.tab.shared.placeholders.UniversalPlaceholderRegistry.lambda$registerPlaceholders$19(UniversalPlaceholderRegistry.java:61)
14.07.2022 - 12:18:45 - 	at TAB v3.1.1 (1).jar//me.neznamy.tab.shared.placeholders.PlayerPlaceholderImpl.request(PlayerPlaceholderImpl.java:118)
14.07.2022 - 12:18:45 - 	at TAB v3.1.1 (1).jar//me.neznamy.tab.shared.placeholders.PlayerPlaceholderImpl.update(PlayerPlaceholderImpl.java:52)
14.07.2022 - 12:18:45 - 	at TAB v3.1.1 (1).jar//me.neznamy.tab.shared.placeholders.PlayerPlaceholderImpl.getLastValue(PlayerPlaceholderImpl.java:110)
14.07.2022 - 12:18:45 - 	at TAB v3.1.1 (1).jar//me.neznamy.tab.shared.placeholders.TabPlaceholder.set(TabPlaceholder.java:90)
14.07.2022 - 12:18:45 - 	at TAB v3.1.1 (1).jar//me.neznamy.tab.shared.DynamicText.update(DynamicText.java:198)
14.07.2022 - 12:18:45 - 	at TAB v3.1.1 (1).jar//me.neznamy.tab.shared.DynamicText.analyze(DynamicText.java:121)
14.07.2022 - 12:18:45 - 	at TAB v3.1.1 (1).jar//me.neznamy.tab.shared.DynamicText.<init>(DynamicText.java:82)
14.07.2022 - 12:18:45 - 	at TAB v3.1.1 (1).jar//me.neznamy.tab.shared.ITabPlayer.setProperty(ITabPlayer.java:125)
14.07.2022 - 12:18:45 - 	at TAB v3.1.1 (1).jar//me.neznamy.tab.shared.ITabPlayer.setProperty(ITabPlayer.java:410)
14.07.2022 - 12:18:45 - 	at TAB v3.1.1 (1).jar//me.neznamy.tab.shared.features.HeaderFooter.refresh(HeaderFooter.java:85)
14.07.2022 - 12:18:45 - 	at TAB v3.1.1 (1).jar//me.neznamy.tab.shared.features.HeaderFooter.onJoin(HeaderFooter.java:50)
14.07.2022 - 12:18:45 - 	at TAB v3.1.1 (1).jar//me.neznamy.tab.shared.FeatureManagerImpl.onJoin(FeatureManagerImpl.java:129)
14.07.2022 - 12:18:45 - 	at TAB v3.1.1 (1).jar//me.neznamy.tab.platforms.bukkit.BukkitEventListener.lambda$onJoin$1(BukkitEventListener.java:45)
14.07.2022 - 12:18:45 - 	at TAB v3.1.1 (1).jar//me.neznamy.tab.shared.CpuManager.lambda$submit$1(CpuManager.java:113)
14.07.2022 - 12:18:45 - 	at java.base/java.util.concurrent.Executors$RunnableAdapter.call(Executors.java:539)
14.07.2022 - 12:18:45 - 	at java.base/java.util.concurrent.FutureTask.run(FutureTask.java:264)
14.07.2022 - 12:18:45 - 	at java.base/java.util.concurrent.ThreadPoolExecutor.runWorker(ThreadPoolExecutor.java:1136)
14.07.2022 - 12:18:45 - 	at java.base/java.util.concurrent.ThreadPoolExecutor$Worker.run(ThreadPoolExecutor.java:635)
14.07.2022 - 12:18:45 - 	at java.base/java.lang.Thread.run(Thread.java:833)
14.07.2022 - 12:18:45 - [TAB v3.1.1] Player placeholder %animation:time% generated an error when setting for player AllanStrat
14.07.2022 - 12:18:45 - java.lang.ArrayIndexOutOfBoundsException: Index -5 out of bounds for length 8
14.07.2022 - 12:18:45 - 	at TAB v3.1.1 (1).jar//me.neznamy.tab.shared.placeholders.Animation.getMessage(Animation.java:85)
14.07.2022 - 12:18:45 - 	at TAB v3.1.1 (1).jar//me.neznamy.tab.shared.placeholders.UniversalPlaceholderRegistry.lambda$registerPlaceholders$19(UniversalPlaceholderRegistry.java:61)
14.07.2022 - 12:18:45 - 	at TAB v3.1.1 (1).jar//me.neznamy.tab.shared.placeholders.PlayerPlaceholderImpl.request(PlayerPlaceholderImpl.java:118)
14.07.2022 - 12:18:45 - 	at TAB v3.1.1 (1).jar//me.neznamy.tab.shared.placeholders.PlayerPlaceholderImpl.update(PlayerPlaceholderImpl.java:52)
14.07.2022 - 12:18:45 - 	at TAB v3.1.1 (1).jar//me.neznamy.tab.shared.placeholders.PlayerPlaceholderImpl.getLastValue(PlayerPlaceholderImpl.java:110)
14.07.2022 - 12:18:45 - 	at TAB v3.1.1 (1).jar//me.neznamy.tab.shared.placeholders.TabPlaceholder.set(TabPlaceholder.java:90)
14.07.2022 - 12:18:45 - 	at TAB v3.1.1 (1).jar//me.neznamy.tab.shared.DynamicText.update(DynamicText.java:198)
14.07.2022 - 12:18:45 - 	at TAB v3.1.1 (1).jar//me.neznamy.tab.shared.DynamicText.analyze(DynamicText.java:121)
14.07.2022 - 12:18:45 - 	at TAB v3.1.1 (1).jar//me.neznamy.tab.shared.DynamicText.<init>(DynamicText.java:82)
14.07.2022 - 12:18:45 - 	at TAB v3.1.1 (1).jar//me.neznamy.tab.shared.ITabPlayer.setProperty(ITabPlayer.java:125)
14.07.2022 - 12:18:45 - 	at TAB v3.1.1 (1).jar//me.neznamy.tab.shared.ITabPlayer.setProperty(ITabPlayer.java:410)
14.07.2022 - 12:18:45 - 	at TAB v3.1.1 (1).jar//me.neznamy.tab.shared.features.HeaderFooter.refresh(HeaderFooter.java:86)
14.07.2022 - 12:18:45 - 	at TAB v3.1.1 (1).jar//me.neznamy.tab.shared.features.HeaderFooter.onJoin(HeaderFooter.java:50)
14.07.2022 - 12:18:45 - 	at TAB v3.1.1 (1).jar//me.neznamy.tab.shared.FeatureManagerImpl.onJoin(FeatureManagerImpl.java:129)
14.07.2022 - 12:18:45 - 	at TAB v3.1.1 (1).jar//me.neznamy.tab.platforms.bukkit.BukkitEventListener.lambda$onJoin$1(BukkitEventListener.java:45)
14.07.2022 - 12:18:45 - 	at TAB v3.1.1 (1).jar//me.neznamy.tab.shared.CpuManager.lambda$submit$1(CpuManager.java:113)
14.07.2022 - 12:18:45 - 	at java.base/java.util.concurrent.Executors$RunnableAdapter.call(Executors.java:539)
14.07.2022 - 12:18:45 - 	at java.base/java.util.concurrent.FutureTask.run(FutureTask.java:264)
14.07.2022 - 12:18:45 - 	at java.base/java.util.concurrent.ThreadPoolExecutor.runWorker(ThreadPoolExecutor.java:1136)
14.07.2022 - 12:18:45 - 	at java.base/java.util.concurrent.ThreadPoolExecutor$Worker.run(ThreadPoolExecutor.java:635)
14.07.2022 - 12:18:45 - 	at java.base/java.lang.Thread.run(Thread.java:833)
14.07.2022 - 12:18:45 - [TAB v3.1.1] Player placeholder %animation:web% generated an error when setting for player AllanStrat
14.07.2022 - 12:18:45 - java.lang.ArrayIndexOutOfBoundsException: Index -16 out of bounds for length 26
14.07.2022 - 12:18:45 - 	at TAB v3.1.1 (1).jar//me.neznamy.tab.shared.placeholders.Animation.getMessage(Animation.java:85)
14.07.2022 - 12:18:45 - 	at TAB v3.1.1 (1).jar//me.neznamy.tab.shared.placeholders.UniversalPlaceholderRegistry.lambda$registerPlaceholders$19(UniversalPlaceholderRegistry.java:61)
14.07.2022 - 12:18:45 - 	at TAB v3.1.1 (1).jar//me.neznamy.tab.shared.placeholders.PlayerPlaceholderImpl.request(PlayerPlaceholderImpl.java:118)
14.07.2022 - 12:18:45 - 	at TAB v3.1.1 (1).jar//me.neznamy.tab.shared.placeholders.PlayerPlaceholderImpl.update(PlayerPlaceholderImpl.java:52)
14.07.2022 - 12:18:45 - 	at TAB v3.1.1 (1).jar//me.neznamy.tab.shared.placeholders.PlayerPlaceholderImpl.getLastValue(PlayerPlaceholderImpl.java:110)
14.07.2022 - 12:18:45 - 	at TAB v3.1.1 (1).jar//me.neznamy.tab.shared.placeholders.TabPlaceholder.set(TabPlaceholder.java:90)
14.07.2022 - 12:18:45 - 	at TAB v3.1.1 (1).jar//me.neznamy.tab.shared.DynamicText.update(DynamicText.java:198)
14.07.2022 - 12:18:45 - 	at TAB v3.1.1 (1).jar//me.neznamy.tab.shared.DynamicText.analyze(DynamicText.java:121)
14.07.2022 - 12:18:45 - 	at TAB v3.1.1 (1).jar//me.neznamy.tab.shared.DynamicText.<init>(DynamicText.java:82)
14.07.2022 - 12:18:45 - 	at TAB v3.1.1 (1).jar//me.neznamy.tab.shared.ITabPlayer.setProperty(ITabPlayer.java:125)
14.07.2022 - 12:18:45 - 	at TAB v3.1.1 (1).jar//me.neznamy.tab.shared.ITabPlayer.setProperty(ITabPlayer.java:410)
14.07.2022 - 12:18:45 - 	at TAB v3.1.1 (1).jar//me.neznamy.tab.shared.features.HeaderFooter.refresh(HeaderFooter.java:86)
14.07.2022 - 12:18:45 - 	at TAB v3.1.1 (1).jar//me.neznamy.tab.shared.features.HeaderFooter.onJoin(HeaderFooter.java:50)
14.07.2022 - 12:18:45 - 	at TAB v3.1.1 (1).jar//me.neznamy.tab.shared.FeatureManagerImpl.onJoin(FeatureManagerImpl.java:129)
14.07.2022 - 12:18:45 - 	at TAB v3.1.1 (1).jar//me.neznamy.tab.platforms.bukkit.BukkitEventListener.lambda$onJoin$1(BukkitEventListener.java:45)
14.07.2022 - 12:18:45 - 	at TAB v3.1.1 (1).jar//me.neznamy.tab.shared.CpuManager.lambda$submit$1(CpuManager.java:113)
14.07.2022 - 12:18:45 - 	at java.base/java.util.concurrent.Executors$RunnableAdapter.call(Executors.java:539)
14.07.2022 - 12:18:45 - 	at java.base/java.util.concurrent.FutureTask.run(FutureTask.java:264)
14.07.2022 - 12:18:45 - 	at java.base/java.util.concurrent.ThreadPoolExecutor.runWorker(ThreadPoolExecutor.java:1136)
14.07.2022 - 12:18:45 - 	at java.base/java.util.concurrent.ThreadPoolExecutor$Worker.run(ThreadPoolExecutor.java:635)
14.07.2022 - 12:18:45 - 	at java.base/java.lang.Thread.run(Thread.java:833)
